#
# A fatal error has been detected by the Java Runtime Environment:
#
#  EXCEPTION_ACCESS_VIOLATION (0xc0000005) at pc=0x00007ff85cc1c52a, pid=14100, tid=31360
#
# JRE version: OpenJDK Runtime Environment Temurin-17+35 (17.0+35) (build 17+35)
# Java VM: OpenJDK 64-Bit Server VM Temurin-17+35 (17+35, mixed mode, emulated-client, tiered, compressed oops, compressed class ptrs, g1 gc, windows-amd64)
# Problematic frame:
# V  [jvm.dll+0x79c52a]
#
# No core dump will be written. Minidumps are not enabled by default on client versions of Windows
#
# If you would like to submit a bug report, please visit:
#   https://github.com/adoptium/adoptium-support/issues
#

---------------  S U M M A R Y ------------

Command Line: -XX:+ShowCodeDetailsInExceptionMessages -agentlib:jdwp=transport=dt_socket,suspend=y,address=localhost:60186 -Dcom.sun.management.jmxremote -Dcom.sun.management.jmxremote.port=60184 -Dcom.sun.management.jmxremote.authenticate=false -Dcom.sun.management.jmxremote.ssl=false -Djava.rmi.server.hostname=localhost -Dspring.jmx.enabled=true -Dspring.application.admin.enabled=true -XX:TieredStopAtLevel=1 -Dspring.boot.project.name=EMS-Task-Service -javaagent:D:\STS\sts-4.12.1.RELEASE\configuration\org.eclipse.osgi\258\0\.cp\lib\javaagent-shaded.jar -Dfile.encoding=UTF-8 com.ems.EmsTaskServiceApplication --spring.output.ansi.enabled=always

Host: Intel(R) Core(TM) i7-7820HQ CPU @ 2.90GHz, 8 cores, 15G,  Windows 10 , 64 bit Build 19041 (10.0.19041.1466)
Time: Fri Feb  4 08:57:23 2022 India Standard Time elapsed time: 515.064192 seconds (0d 0h 8m 35s)

---------------  T H R E A D  ---------------

Current thread (0x000002a4bae78aa0):  JavaThread "JDWP Transport Listener: dt_socket" daemon [_thread_in_vm, id=31360, stack(0x000000d398400000,0x000000d398500000)]

Stack: [0x000000d398400000,0x000000d398500000],  sp=0x000000d3984ff430,  free space=1021k
Native frames: (J=compiled Java code, j=interpreted, Vv=VM code, C=native code)
V  [jvm.dll+0x79c52a]
V  [jvm.dll+0x50867c]
V  [jvm.dll+0x4cfce4]
C  [jdwp.dll+0x22dff]


siginfo: EXCEPTION_ACCESS_VIOLATION (0xc0000005), reading address 0x0000000000970099


Register to memory mapping:

RIP=0x00007ff85cc1c52a jvm.dll
RAX=0x0000000000000094 is an unknown value
RBX=0x000002a4bac80da8 points into unknown readable memory: 0x736944746c756166 | 66 61 75 6c 74 44 69 73
RCX=0x0000000000970095 is an unknown value
RDX=0x000002a4bc4c3dd0 points into unknown readable memory: 0x736d652f6d6f634c | 4c 63 6f 6d 2f 65 6d 73
RSP=0x000000d3984ff430 is pointing into the stack for thread: 0x000002a4bae78aa0
RBP=0x000002a4bae738e0 points into unknown readable memory: 0x0000000000000002 | 02 00 00 00 00 00 00 00
RSI=0x0 is NULL
RDI=0xffffffffffffffff is an unknown value
R8 =0x000000000000014b is an unknown value
R9 =0x0000000000000040 is an unknown value
R10=0x0000000000000140 is an unknown value
R11=0x000000d3984ff450 is pointing into the stack for thread: 0x000002a4bae78aa0
R12=0x000000d3984ff588 is pointing into the stack for thread: 0x000002a4bae78aa0
R13=0x0 is NULL
R14=0x0000000800376ff8 is a pointer to class: 
com.ems.service.client.HttpRestClient {0x0000000800377000}
 - instance size:     3
 - klass size:        67
 - access:            public synchronized 
 - state:             fully_initialized
 - name:              'com/ems/service/client/HttpRestClient'
 - super:             'java/lang/Object'
 - sub:               
 - arrays:            NULL
 - methods:           Array<T>(0x000002a4c16d3ea8)
 - method ordering:   Array<T>(0x000002a4c1207f68)
 - default_methods:   Array<T>(0x0000000000000000)
 - local interfaces:  Array<T>(0x000002a4ba400058)
 - trans. interfaces: Array<T>(0x000002a4ba400058)
 - constants:         constant pool [256] {0x000002a4c170e008} for 'com/ems/service/client/HttpRestClient' cache=0x000002a4c1683298
 - class loader data:  loader data: 0x000002a4b9fddf80 for instance a 'jdk/internal/loader/ClassLoaders$AppClassLoader'{0x0000000701fa3950}
 - source file:       'HttpRestClient.java'
 - source debug extension:       SMAP
HttpRestClient.java
Java
*S jdt
*F
1 HttpRestClient.java
2 file:/D:/SpringBootWorkSpace/EMS-Task-Service/target/classes/
*L
*E

 - class annotations:       Array<T>(0x000002a4c1207048)
 - class type annotations:  Array<T>(0x0000000000000000)
 - field annotations:       Array<T>(0x000002a4c0d8d530)
 - field type annotations:  Array<T>(0x0000000000000000)
 - previous version:  constant pool [210] {0x000002a4be190388} for 'com/ems/service/client/HttpRestClient' (extra) cache=0x000002a4bfc1ca70
 - generic signature: '
[error occurred during error reporting (printing register info), id 0xc0000005, EXCEPTION_ACCESS_VIOLATION (0xc0000005) at pc=0x00007ff85cc1d136]

Registers:
RAX=0x0000000000000094, RBX=0x000002a4bac80da8, RCX=0x0000000000970095, RDX=0x000002a4bc4c3dd0
RSP=0x000000d3984ff430, RBP=0x000002a4bae738e0, RSI=0x0000000000000000, RDI=0xffffffffffffffff
R8 =0x000000000000014b, R9 =0x0000000000000040, R10=0x0000000000000140, R11=0x000000d3984ff450
R12=0x000000d3984ff588, R13=0x0000000000000000, R14=0x0000000800376ff8, R15=0x000000d3984ff5b0
RIP=0x00007ff85cc1c52a, EFLAGS=0x0000000000010206

Top of Stack: (sp=0x000000d3984ff430)
0x000000d3984ff430:   0000000000000025 0000000800376ff8
0x000000d3984ff440:   000002a4bc4c4070 00007ff8a9f747b1
0x000000d3984ff450:   ffffffffffffffff 00007ff85c98867c
0x000000d3984ff460:   000002a4bac80da8 000002a4bac80d80
0x000000d3984ff470:   000002a4bae738e0 00007ff85c98b19d
0x000000d3984ff480:   000002a4bac80d40 00000000000003d8
0x000000d3984ff490:   000002a4bac80d50 000002a4bac81128
0x000000d3984ff4a0:   0000000000019e01 000000d3984ff588
0x000000d3984ff4b0:   0000000000000007 000002a4bae78d48
0x000000d3984ff4c0:   0000000702ab5ff8 00007ff85c94fce4
0x000000d3984ff4d0:   000002a4bae78aa0 000000d3984ff5b0
0x000000d3984ff4e0:   000002a4a764a550 000000d3984ff5b0
0x000000d3984ff4f0:   000002a4bae78aa0 0000000000000000
0x000000d3984ff500:   0000000000000000 0000000000000000
0x000000d3984ff510:   000002a4bcbdd498 00007ff8a12d2dff
0x000000d3984ff520:   000000d3984ff5a8 00007ff8a12e1aa0 

Instructions: (pc=0x00007ff85cc1c52a)
0x00007ff85cc1c42a:   48 83 c4 20 5f e9 6c 96 90 ff cc cc cc cc cc cc
0x00007ff85cc1c43a:   cc cc cc cc cc cc 48 89 5c 24 08 57 48 83 ec 20
0x00007ff85cc1c44a:   83 fa 02 8d 42 06 b9 08 00 00 00 49 8b d8 0f 4e
0x00007ff85cc1c45a:   c1 48 63 c8 48 83 c1 07 83 e1 f8 48 63 f9 49 8b
0x00007ff85cc1c46a:   48 18 48 8b c7 48 f7 d0 48 3b c1 73 16 4c 8d 05
0x00007ff85cc1c47a:   ba 4c 17 00 48 8b d7 48 8b cb e8 77 f9 90 ff 48
0x00007ff85cc1c48a:   8b 4b 18 48 8d 04 39 48 3b 43 20 76 18 45 33 c0
0x00007ff85cc1c49a:   48 8b d7 48 8b cb 48 8b 5c 24 30 48 83 c4 20 5f
0x00007ff85cc1c4aa:   e9 d1 f5 90 ff 48 89 43 18 48 8b c1 48 8b 5c 24
0x00007ff85cc1c4ba:   30 48 83 c4 20 5f c3 cc cc cc cc cc cc cc cc cc
0x00007ff85cc1c4ca:   cc cc cc cc cc cc 4c 8b d2 4c 8b d9 45 85 c0 7e
0x00007ff85cc1c4da:   3c 44 0f b7 49 04 41 8d 40 ff 41 3b c1 44 0f 4c
0x00007ff85cc1c4ea:   c8 4d 63 c1 45 85 c9 7e 1f 48 8b c2 4c 2b da 49
0x00007ff85cc1c4fa:   8b d0 0f 1f 40 00 41 0f b6 4c 03 06 88 08 48 8d
0x00007ff85cc1c50a:   40 01 48 83 ea 01 75 ee 43 c6 04 10 00 49 8b c2
0x00007ff85cc1c51a:   c3 cc cc cc cc cc 48 89 5c 24 08 57 48 83 ec 20
0x00007ff85cc1c52a:   0f b7 59 04 48 8b f9 33 d2 48 8d 4b 01 e8 24 e8
0x00007ff85cc1c53a:   f2 ff 0f b7 57 04 4c 8b c0 3b da 0f 42 d3 44 8b
0x00007ff85cc1c54a:   ca 85 d2 74 39 48 2b f8 0f 1f 40 00 66 66 0f 1f
0x00007ff85cc1c55a:   84 00 00 00 00 00 0f b6 4c 07 06 88 08 48 ff c0
0x00007ff85cc1c56a:   48 8b c8 49 2b c8 49 3b c9 7c eb 42 c6 04 02 00
0x00007ff85cc1c57a:   49 8b c0 48 8b 5c 24 30 48 83 c4 20 5f c3 48 8b
0x00007ff85cc1c58a:   5c 24 30 c6 04 02 00 48 83 c4 20 5f c3 cc cc cc
0x00007ff85cc1c59a:   cc cc cc cc cc cc 4c 8b d1 45 85 c0 7e 6c 44 0f
0x00007ff85cc1c5aa:   b7 49 04 41 8d 40 ff 41 3b c1 44 0f 4c c8 4d 63
0x00007ff85cc1c5ba:   d9 45 85 c9 7e 22 48 8b ca 4c 2b d2 4d 8b c3 0f
0x00007ff85cc1c5ca:   1f 80 00 00 00 00 41 0f b6 44 0a 06 88 01 48 8d
0x00007ff85cc1c5da:   49 01 49 83 e8 01 75 ee 41 c6 04 13 00 48 c7 c0
0x00007ff85cc1c5ea:   ff ff ff ff 66 90 48 ff c0 80 3c 02 00 75 f7 48
0x00007ff85cc1c5fa:   63 c8 85 c0 48 8b c2 7e 14 80 38 2f 75 03 c6 00
0x00007ff85cc1c60a:   2e 48 ff c0 48 83 e9 01 75 ef 48 8b c2 c3 cc cc
0x00007ff85cc1c61a:   cc cc cc cc cc cc 48 83 ec 28 e8 f7 fe ff ff 4c 


Stack slot to memory mapping:
stack at sp + 0 slots: 0x0000000000000025 is an unknown value
stack at sp + 1 slots: 0x0000000800376ff8 is a pointer to class: 
com.ems.service.client.HttpRestClient {0x0000000800377000}
 - instance size:     3
 - klass size:        67
 - access:            public synchronized 
 - state:             fully_initialized
 - name:              'com/ems/service/client/HttpRestClient'
 - super:             'java/lang/Object'
 - sub:               
 - arrays:            NULL
 - methods:           Array<T>(0x000002a4c16d3ea8)
 - method ordering:   Array<T>(0x000002a4c1207f68)
 - default_methods:   Array<T>(0x0000000000000000)
 - local interfaces:  Array<T>(0x000002a4ba400058)
 - trans. interfaces: Array<T>(0x000002a4ba400058)
 - constants:         constant pool [256] {0x000002a4c170e008} for 'com/ems/service/client/HttpRestClient' cache=0x000002a4c1683298
 - class loader data:  loader data: 0x000002a4b9fddf80 for instance a 'jdk/internal/loader/ClassLoaders$AppClassLoader'{0x0000000701fa3950}
 - source file:       'HttpRestClient.java'
 - source debug extension:       SMAP
HttpRestClient.java
Java
*S jdt
*F
1 HttpRestClient.java
2 file:/D:/SpringBootWorkSpace/EMS-Task-Service/target/classes/
*L
*E

 - class annotations:       Array<T>(0x000002a4c1207048)
 - class type annotations:  Array<T>(0x0000000000000000)
 - field annotations:       Array<T>(0x000002a4c0d8d530)
 - field type annotations:  Array<T>(0x0000000000000000)
 - previous version:  constant pool [210] {0x000002a4be190388} for 'com/ems/service/client/HttpRestClient' (extra) cache=0x000002a4bfc1ca70
 - generic signature: '
[error occurred during error reporting (inspecting top of stack), id 0xc0000005, EXCEPTION_ACCESS_VIOLATION (0xc0000005) at pc=0x00007ff85cc1d136]


---------------  P R O C E S S  ---------------

Threads class SMR info:
_java_thread_list=0x000002a4bc59dac0, length=39, elements={
0x000002a4bac105e0, 0x000002a4bac114a0, 0x000002a4bac5b480, 0x000002a4bac5d150,
0x000002a4bac6d0a0, 0x000002a4bac71e70, 0x000002a4bac72730, 0x000002a4bac7f070,
0x000002a4bad902d0, 0x000002a4bae78aa0, 0x000002a4bae83b90, 0x000002a4bae84080,
0x000002a4bb8a90a0, 0x000002a4bb9fbb70, 0x000002a4bba02a20, 0x000002a4bba55090,
0x000002a4bc770490, 0x000002a4bc77e8d0, 0x000002a4bc845070, 0x000002a4bc843860,
0x000002a4bc845540, 0x000002a4bc845ee0, 0x000002a4bc844ba0, 0x000002a4bf59a240,
0x000002a4bf59a710, 0x000002a4bf597220, 0x000002a4bf5963b0, 0x000002a4bf59bf20,
0x000002a4bf595540, 0x000002a4bf59c8c0, 0x000002a4bf599d70, 0x000002a4bf598a30,
0x000002a4bf595a10, 0x000002a4bf596880, 0x000002a4bf597bc0, 0x000002a4bf595070,
0x000002a4bf59abe0, 0x000002a4bf59b0b0, 0x000002a4bf595ee0
}

Java Threads: ( => current thread )
  0x000002a4bac105e0 JavaThread "Reference Handler" daemon [_thread_blocked, id=28944, stack(0x000000d397a00000,0x000000d397b00000)]
  0x000002a4bac114a0 JavaThread "Finalizer" daemon [_thread_blocked, id=13544, stack(0x000000d397b00000,0x000000d397c00000)]
  0x000002a4bac5b480 JavaThread "Signal Dispatcher" daemon [_thread_blocked, id=2680, stack(0x000000d397c00000,0x000000d397d00000)]
  0x000002a4bac5d150 JavaThread "Attach Listener" daemon [_thread_blocked, id=27212, stack(0x000000d397d00000,0x000000d397e00000)]
  0x000002a4bac6d0a0 JavaThread "Service Thread" daemon [_thread_blocked, id=29596, stack(0x000000d397e00000,0x000000d397f00000)]
  0x000002a4bac71e70 JavaThread "Monitor Deflation Thread" daemon [_thread_blocked, id=17676, stack(0x000000d397f00000,0x000000d398000000)]
  0x000002a4bac72730 JavaThread "C1 CompilerThread0" daemon [_thread_blocked, id=16704, stack(0x000000d398000000,0x000000d398100000)]
  0x000002a4bac7f070 JavaThread "Sweeper thread" daemon [_thread_blocked, id=8136, stack(0x000000d398100000,0x000000d398200000)]
  0x000002a4bad902d0 JavaThread "Common-Cleaner" daemon [_thread_blocked, id=22920, stack(0x000000d398200000,0x000000d398300000)]
=>0x000002a4bae78aa0 JavaThread "JDWP Transport Listener: dt_socket" daemon [_thread_in_vm, id=31360, stack(0x000000d398400000,0x000000d398500000)]
  0x000002a4bae83b90 JavaThread "JDWP Event Helper Thread" daemon [_thread_blocked, id=12976, stack(0x000000d398500000,0x000000d398600000)]
  0x000002a4bae84080 JavaThread "JDWP Command Reader" daemon [_thread_in_native, id=6004, stack(0x000000d398600000,0x000000d398700000)]
  0x000002a4bb8a90a0 JavaThread "Notification Thread" daemon [_thread_blocked, id=16664, stack(0x000000d398700000,0x000000d398800000)]
  0x000002a4bb9fbb70 JavaThread "RMI TCP Accept-0" daemon [_thread_in_native, id=24672, stack(0x000000d399100000,0x000000d399200000)]
  0x000002a4bba02a20 JavaThread "RMI TCP Accept-60184" daemon [_thread_in_native, id=18372, stack(0x000000d399200000,0x000000d399300000)]
  0x000002a4bba55090 JavaThread "RMI TCP Accept-0" daemon [_thread_in_native, id=8992, stack(0x000000d399300000,0x000000d399400000)]
  0x000002a4bc770490 JavaThread "RMI Scheduler(0)" daemon [_thread_blocked, id=27504, stack(0x000000d399600000,0x000000d399700000)]
  0x000002a4bc77e8d0 JavaThread "JMX server connection timeout 25" daemon [_thread_blocked, id=18060, stack(0x000000d399800000,0x000000d399900000)]
  0x000002a4bc845070 JavaThread "HikariPool-1 housekeeper" daemon [_thread_blocked, id=1544, stack(0x000000d399b00000,0x000000d399c00000)]
  0x000002a4bc843860 JavaThread "Catalina-utility-1" [_thread_blocked, id=31352, stack(0x000000d399c00000,0x000000d399d00000)]
  0x000002a4bc845540 JavaThread "Catalina-utility-2" [_thread_blocked, id=16828, stack(0x000000d399d00000,0x000000d399e00000)]
  0x000002a4bc845ee0 JavaThread "container-0" [_thread_blocked, id=32744, stack(0x000000d399e00000,0x000000d399f00000)]
  0x000002a4bc844ba0 JavaThread "spring.cloud.inetutils" daemon [_thread_blocked, id=8624, stack(0x000000d39a000000,0x000000d39a100000)]
  0x000002a4bf59a240 JavaThread "AsyncResolver-bootstrap-0" daemon [_thread_blocked, id=4484, stack(0x000000d39a100000,0x000000d39a200000)]
  0x000002a4bf59a710 JavaThread "DiscoveryClient-0" daemon [_thread_blocked, id=30768, stack(0x000000d39a200000,0x000000d39a300000)]
  0x000002a4bf597220 JavaThread "DiscoveryClient-1" daemon [_thread_blocked, id=13752, stack(0x000000d39a300000,0x000000d39a400000)]
  0x000002a4bf5963b0 JavaThread "DiscoveryClient-InstanceInfoReplicator-0" daemon [_thread_blocked, id=28652, stack(0x000000d39a400000,0x000000d39a500000)]
  0x000002a4bf59bf20 JavaThread "http-nio-8083-Poller" daemon [_thread_in_native, id=13868, stack(0x000000d39a500000,0x000000d39a600000)]
  0x000002a4bf595540 JavaThread "http-nio-8083-Acceptor" daemon [_thread_in_native, id=28392, stack(0x000000d39a600000,0x000000d39a700000)]
  0x000002a4bf59c8c0 JavaThread "DestroyJavaVM" [_thread_blocked, id=27668, stack(0x000000d397300000,0x000000d397400000)]
  0x000002a4bf599d70 JavaThread "RMI TCP Connection(idle)" daemon [_thread_blocked, id=25816, stack(0x000000d39aa00000,0x000000d39ab00000)]
  0x000002a4bf598a30 JavaThread "http-nio-8083-exec-1" daemon [_thread_blocked, id=17608, stack(0x000000d399000000,0x000000d399100000)]
  0x000002a4bf595a10 JavaThread "http-nio-8083-exec-2" daemon [_thread_blocked, id=18212, stack(0x000000d399f00000,0x000000d39a000000)]
  0x000002a4bf596880 JavaThread "boundedElastic-evictor-1" daemon [_thread_blocked, id=20884, stack(0x000000d39a700000,0x000000d39a800000)]
  0x000002a4bf597bc0 JavaThread "pool-9-thread-1" daemon [_thread_blocked, id=10408, stack(0x000000d39ab00000,0x000000d39ac00000)]
  0x000002a4bf595070 JavaThread "DiscoveryClient-CacheRefreshExecutor-0" daemon [_thread_blocked, id=13572, stack(0x000000d39ad00000,0x000000d39ae00000)]
  0x000002a4bf59abe0 JavaThread "DiscoveryClient-HeartbeatExecutor-0" daemon [_thread_blocked, id=32576, stack(0x000000d39ae00000,0x000000d39af00000)]
  0x000002a4bf59b0b0 JavaThread "http-nio-8083-exec-3" daemon [_thread_blocked, id=2060, stack(0x000000d39b000000,0x000000d39b100000)]
  0x000002a4bf595ee0 JavaThread "AsyncResolver-bootstrap-executor-0" daemon [_thread_blocked, id=964, stack(0x000000d397000000,0x000000d397100000)]

Other Threads:
  0x000002a4bac2d480 VMThread "VM Thread" [stack: 0x000000d397900000,0x000000d397a00000] [id=10328]
  0x000002a4a76ca970 WatcherThread [stack: 0x000000d399400000,0x000000d399500000] [id=12364]
  0x000002a4a76ac040 GCTaskThread "GC Thread#0" [stack: 0x000000d397400000,0x000000d397500000] [id=21200]
  0x000002a4bb970030 GCTaskThread "GC Thread#1" [stack: 0x000000d398800000,0x000000d398900000] [id=15324]
  0x000002a4bb9702e0 GCTaskThread "GC Thread#2" [stack: 0x000000d398900000,0x000000d398a00000] [id=20592]
  0x000002a4bb9745a0 GCTaskThread "GC Thread#3" [stack: 0x000000d398a00000,0x000000d398b00000] [id=5836]
  0x000002a4bb974850 GCTaskThread "GC Thread#4" [stack: 0x000000d398b00000,0x000000d398c00000] [id=30764]
  0x000002a4bb974b00 GCTaskThread "GC Thread#5" [stack: 0x000000d398c00000,0x000000d398d00000] [id=30228]
  0x000002a4bb98d200 GCTaskThread "GC Thread#6" [stack: 0x000000d398d00000,0x000000d398e00000] [id=31000]
  0x000002a4bb98d8c0 GCTaskThread "GC Thread#7" [stack: 0x000000d398e00000,0x000000d398f00000] [id=31908]
  0x000002a4a76be480 ConcurrentGCThread "G1 Main Marker" [stack: 0x000000d397500000,0x000000d397600000] [id=13884]
  0x000002a4a76beda0 ConcurrentGCThread "G1 Conc#0" [stack: 0x000000d397600000,0x000000d397700000] [id=1180]
  0x000002a4bc9390f0 ConcurrentGCThread "G1 Conc#1" [stack: 0x000000d399900000,0x000000d399a00000] [id=24112]
  0x000002a4a7714ce0 ConcurrentGCThread "G1 Refine#0" [stack: 0x000000d397700000,0x000000d397800000] [id=18656]
  0x000002a4a7715610 ConcurrentGCThread "G1 Service" [stack: 0x000000d397800000,0x000000d397900000] [id=5056]

Threads with active compile tasks:

VM state: not at safepoint (normal execution)

VM Mutex/Monitor currently owned by a thread: None

Heap address: 0x0000000701c00000, size: 4068 MB, Compressed Oops mode: Zero based, Oop shift amount: 3

CDS archive(s) not mapped
Compressed class space mapped at: 0x0000000800000000-0x0000000840000000, reserved size: 1073741824
Narrow klass base: 0x0000000800000000, Narrow klass shift: 0, Narrow klass range: 0x40000000

GC Precious Log:
 CPUs: 8 total, 8 available
 Memory: 16265M
 Large Page Support: Disabled
 NUMA Support: Disabled
 Compressed Oops: Enabled (Zero based)
 Heap Region Size: 2M
 Heap Min Capacity: 8M
 Heap Initial Capacity: 256M
 Heap Max Capacity: 4068M
 Pre-touch: Disabled
 Parallel Workers: 8
 Concurrent Workers: 2
 Concurrent Refinement Workers: 8
 Periodic GC: Disabled

Heap:
 garbage-first heap   total 122880K, used 73066K [0x0000000701c00000, 0x0000000800000000)
  region size 2048K, 23 young (47104K), 5 survivors (10240K)
 Metaspace       used 74532K, committed 75008K, reserved 1114112K
  class space    used 10123K, committed 10368K, reserved 1048576K

Heap Regions: E=young(eden), S=young(survivor), O=old, HS=humongous(starts), HC=humongous(continues), CS=collection set, F=free, OA=open archive, CA=closed archive, TAMS=top-at-mark-start (previous, next)
|   0|0x0000000701c00000, 0x0000000701e00000, 0x0000000701e00000|100%| O|  |TAMS 0x0000000701e00000, 0x0000000701c00000| Untracked 
|   1|0x0000000701e00000, 0x0000000702000000, 0x0000000702000000|100%| O|  |TAMS 0x0000000702000000, 0x0000000701e00000| Untracked 
|   2|0x0000000702000000, 0x0000000702200000, 0x0000000702200000|100%| O|  |TAMS 0x0000000702200000, 0x0000000702000000| Untracked 
|   3|0x0000000702200000, 0x0000000702400000, 0x0000000702400000|100%| O|  |TAMS 0x0000000702400000, 0x0000000702200000| Untracked 
|   4|0x0000000702400000, 0x0000000702600000, 0x0000000702600000|100%| O|  |TAMS 0x0000000702600000, 0x0000000702400000| Untracked 
|   5|0x0000000702600000, 0x0000000702800000, 0x0000000702800000|100%| O|  |TAMS 0x0000000702800000, 0x0000000702600000| Untracked 
|   6|0x0000000702800000, 0x0000000702979a00, 0x0000000702a00000| 73%| O|  |TAMS 0x0000000702800000, 0x0000000702800000| Untracked 
|   7|0x0000000702a00000, 0x0000000702c00000, 0x0000000702c00000|100%| O|  |TAMS 0x0000000702c00000, 0x0000000702a00000| Untracked 
|   8|0x0000000702c00000, 0x0000000702e00000, 0x0000000702e00000|100%| O|  |TAMS 0x0000000702e00000, 0x0000000702c00000| Untracked 
|   9|0x0000000702e00000, 0x0000000703000000, 0x0000000703000000|100%| O|  |TAMS 0x0000000702ff2400, 0x0000000702e00000| Untracked 
|  10|0x0000000703000000, 0x0000000703200000, 0x0000000703200000|100%| O|  |TAMS 0x0000000703000000, 0x0000000703000000| Untracked 
|  11|0x0000000703200000, 0x0000000703400000, 0x0000000703400000|100%| O|  |TAMS 0x0000000703200000, 0x0000000703200000| Untracked 
|  12|0x0000000703400000, 0x0000000703600000, 0x0000000703600000|100%| O|  |TAMS 0x0000000703400000, 0x0000000703400000| Untracked 
|  13|0x0000000703600000, 0x00000007037e0e00, 0x0000000703800000| 93%| O|  |TAMS 0x0000000703600000, 0x0000000703600000| Untracked 
|  14|0x0000000703800000, 0x0000000703800000, 0x0000000703a00000|  0%| F|  |TAMS 0x0000000703800000, 0x0000000703800000| Untracked 
|  15|0x0000000703a00000, 0x0000000703a00000, 0x0000000703c00000|  0%| F|  |TAMS 0x0000000703a00000, 0x0000000703a00000| Untracked 
|  16|0x0000000703c00000, 0x0000000703c00000, 0x0000000703e00000|  0%| F|  |TAMS 0x0000000703c00000, 0x0000000703c00000| Untracked 
|  17|0x0000000703e00000, 0x0000000703e00000, 0x0000000704000000|  0%| F|  |TAMS 0x0000000703e00000, 0x0000000703e00000| Untracked 
|  18|0x0000000704000000, 0x0000000704000000, 0x0000000704200000|  0%| F|  |TAMS 0x0000000704000000, 0x0000000704000000| Untracked 
|  19|0x0000000704200000, 0x0000000704200000, 0x0000000704400000|  0%| F|  |TAMS 0x0000000704200000, 0x0000000704200000| Untracked 
|  20|0x0000000704400000, 0x0000000704400000, 0x0000000704600000|  0%| F|  |TAMS 0x0000000704400000, 0x0000000704400000| Untracked 
|  21|0x0000000704600000, 0x0000000704600000, 0x0000000704800000|  0%| F|  |TAMS 0x0000000704600000, 0x0000000704600000| Untracked 
|  22|0x0000000704800000, 0x0000000704800000, 0x0000000704a00000|  0%| F|  |TAMS 0x0000000704800000, 0x0000000704800000| Untracked 
|  23|0x0000000704a00000, 0x0000000704a00000, 0x0000000704c00000|  0%| F|  |TAMS 0x0000000704a00000, 0x0000000704a00000| Untracked 
|  24|0x0000000704c00000, 0x0000000704e00000, 0x0000000704e00000|100%| S|CS|TAMS 0x0000000704c00000, 0x0000000704c00000| Complete 
|  25|0x0000000704e00000, 0x0000000705000000, 0x0000000705000000|100%| S|CS|TAMS 0x0000000704e00000, 0x0000000704e00000| Complete 
|  26|0x0000000705000000, 0x0000000705200000, 0x0000000705200000|100%| S|CS|TAMS 0x0000000705000000, 0x0000000705000000| Complete 
|  27|0x0000000705200000, 0x0000000705400000, 0x0000000705400000|100%| S|CS|TAMS 0x0000000705200000, 0x0000000705200000| Complete 
|  28|0x0000000705400000, 0x0000000705600000, 0x0000000705600000|100%| S|CS|TAMS 0x0000000705400000, 0x0000000705400000| Complete 
|  29|0x0000000705600000, 0x0000000705600000, 0x0000000705800000|  0%| F|  |TAMS 0x0000000705600000, 0x0000000705600000| Untracked 
|  30|0x0000000705800000, 0x0000000705800000, 0x0000000705a00000|  0%| F|  |TAMS 0x0000000705800000, 0x0000000705800000| Untracked 
|  31|0x0000000705a00000, 0x0000000705a00000, 0x0000000705c00000|  0%| F|  |TAMS 0x0000000705a00000, 0x0000000705a00000| Untracked 
|  32|0x0000000705c00000, 0x0000000705c00000, 0x0000000705e00000|  0%| F|  |TAMS 0x0000000705c00000, 0x0000000705c00000| Untracked 
|  33|0x0000000705e00000, 0x0000000705e00000, 0x0000000706000000|  0%| F|  |TAMS 0x0000000705e00000, 0x0000000705e00000| Untracked 
|  34|0x0000000706000000, 0x0000000706000000, 0x0000000706200000|  0%| F|  |TAMS 0x0000000706000000, 0x0000000706000000| Untracked 
|  35|0x0000000706200000, 0x0000000706200000, 0x0000000706400000|  0%| F|  |TAMS 0x0000000706200000, 0x0000000706200000| Untracked 
|  36|0x0000000706400000, 0x0000000706400000, 0x0000000706600000|  0%| F|  |TAMS 0x0000000706400000, 0x0000000706400000| Untracked 
|  37|0x0000000706600000, 0x0000000706600000, 0x0000000706800000|  0%| F|  |TAMS 0x0000000706600000, 0x0000000706600000| Untracked 
|  38|0x0000000706800000, 0x0000000706800000, 0x0000000706a00000|  0%| F|  |TAMS 0x0000000706800000, 0x0000000706800000| Untracked 
|  39|0x0000000706a00000, 0x0000000706a00000, 0x0000000706c00000|  0%| F|  |TAMS 0x0000000706a00000, 0x0000000706a00000| Untracked 
|  40|0x0000000706c00000, 0x0000000706c00000, 0x0000000706e00000|  0%| F|  |TAMS 0x0000000706c00000, 0x0000000706c00000| Untracked 
|  41|0x0000000706e00000, 0x0000000706e00000, 0x0000000707000000|  0%| F|  |TAMS 0x0000000706e00000, 0x0000000706e00000| Untracked 
|  42|0x0000000707000000, 0x00000007070ddbc8, 0x0000000707200000| 43%| E|  |TAMS 0x0000000707000000, 0x0000000707000000| Complete 
|  43|0x0000000707200000, 0x0000000707400000, 0x0000000707400000|100%| E|CS|TAMS 0x0000000707200000, 0x0000000707200000| Complete 
|  44|0x0000000707400000, 0x0000000707600000, 0x0000000707600000|100%| E|CS|TAMS 0x0000000707400000, 0x0000000707400000| Complete 
|  45|0x0000000707600000, 0x0000000707800000, 0x0000000707800000|100%| E|CS|TAMS 0x0000000707600000, 0x0000000707600000| Complete 
|  46|0x0000000707800000, 0x0000000707a00000, 0x0000000707a00000|100%| E|CS|TAMS 0x0000000707800000, 0x0000000707800000| Complete 
|  47|0x0000000707a00000, 0x0000000707c00000, 0x0000000707c00000|100%| E|CS|TAMS 0x0000000707a00000, 0x0000000707a00000| Complete 
|  48|0x0000000707c00000, 0x0000000707e00000, 0x0000000707e00000|100%| E|CS|TAMS 0x0000000707c00000, 0x0000000707c00000| Complete 
|  49|0x0000000707e00000, 0x0000000708000000, 0x0000000708000000|100%| E|CS|TAMS 0x0000000707e00000, 0x0000000707e00000| Complete 
|  50|0x0000000708000000, 0x0000000708200000, 0x0000000708200000|100%| E|CS|TAMS 0x0000000708000000, 0x0000000708000000| Complete 
|  51|0x0000000708200000, 0x0000000708400000, 0x0000000708400000|100%| E|CS|TAMS 0x0000000708200000, 0x0000000708200000| Complete 
|  52|0x0000000708400000, 0x0000000708600000, 0x0000000708600000|100%| E|CS|TAMS 0x0000000708400000, 0x0000000708400000| Complete 
|  53|0x0000000708600000, 0x0000000708800000, 0x0000000708800000|100%| E|CS|TAMS 0x0000000708600000, 0x0000000708600000| Complete 
|  54|0x0000000708800000, 0x0000000708a00000, 0x0000000708a00000|100%| E|CS|TAMS 0x0000000708800000, 0x0000000708800000| Complete 
|  55|0x0000000708a00000, 0x0000000708c00000, 0x0000000708c00000|100%| E|CS|TAMS 0x0000000708a00000, 0x0000000708a00000| Complete 
|  56|0x0000000708c00000, 0x0000000708e00000, 0x0000000708e00000|100%| E|CS|TAMS 0x0000000708c00000, 0x0000000708c00000| Complete 
|  57|0x0000000708e00000, 0x0000000709000000, 0x0000000709000000|100%| E|CS|TAMS 0x0000000708e00000, 0x0000000708e00000| Complete 
|  58|0x0000000709000000, 0x0000000709200000, 0x0000000709200000|100%| E|CS|TAMS 0x0000000709000000, 0x0000000709000000| Complete 
| 127|0x0000000711a00000, 0x0000000711c00000, 0x0000000711c00000|100%| E|CS|TAMS 0x0000000711a00000, 0x0000000711a00000| Complete 

Card table byte_map: [0x000002a4ae600000,0x000002a4aee00000] _byte_map_base: 0x000002a4aadf2000

Marking Bits (Prev, Next): (CMBitMap*) 0x000002a4a76ac5a0, (CMBitMap*) 0x000002a4a76ac560
 Prev Bits: [0x000002a4b3590000, 0x000002a4b7520000)
 Next Bits: [0x000002a4af600000, 0x000002a4b3590000)

Polling page: 0x000002a4a5380000

Metaspace:

Usage:
  Non-class:     62.90 MB used.
      Class:      9.89 MB used.
       Both:     72.79 MB used.

Virtual space:
  Non-class space:       64.00 MB reserved,      63.12 MB ( 99%) committed,  8 nodes.
      Class space:        1.00 GB reserved,      10.12 MB ( <1%) committed,  1 nodes.
             Both:        1.06 GB reserved,      73.25 MB (  7%) committed. 

Chunk freelists:
   Non-Class:  938.00 KB
       Class:  1.85 MB
        Both:  2.77 MB

MaxMetaspaceSize: unlimited
CompressedClassSpaceSize: 1.00 GB
Initial GC threshold: 21.00 MB
Current GC threshold: 98.12 MB
CDS: off
MetaspaceReclaimPolicy: balanced
 - commit_granule_bytes: 65536.
 - commit_granule_words: 8192.
 - virtual_space_node_default_size: 1048576.
 - enlarge_chunks_in_place: 1.
 - new_chunks_are_fully_committed: 0.
 - uncommit_free_chunks: 1.
 - use_allocation_guard: 0.
 - handle_deallocations: 1.


Internal statistics:

num_allocs_failed_limit: 9.
num_arena_births: 584.
num_arena_deaths: 0.
num_vsnodes_births: 9.
num_vsnodes_deaths: 0.
num_space_committed: 1172.
num_space_uncommitted: 0.
num_chunks_returned_to_freelist: 9.
num_chunks_taken_from_freelist: 2898.
num_chunk_merges: 9.
num_chunk_splits: 2097.
num_chunks_enlarged: 1653.
num_purges: 0.
num_inconsistent_stats: 0.

CodeCache: size=49152Kb used=12334Kb max_used=13126Kb free=36817Kb
 bounds [0x000002a4aacf0000, 0x000002a4ab9d0000, 0x000002a4adcf0000]
 total_blobs=6992 nmethods=6356 adapters=561
 compilation: enabled
              stopped_count=0, restarted_count=0
 full_count=0

Compilation events (20 events):
Event: 486.470 Thread 0x000002a4bac72730 6346       1       org.apache.http.impl.io.SessionOutputBufferImpl::write (85 bytes)
Event: 486.471 Thread 0x000002a4bac72730 nmethod 6346 0x000002a4ab0a5710 code [0x000002a4ab0a5900, 0x000002a4ab0a5b88]
Event: 486.471 Thread 0x000002a4bac72730 6347       1       org.apache.http.util.ByteArrayBuffer::append (129 bytes)
Event: 486.474 Thread 0x000002a4bac72730 nmethod 6347 0x000002a4ab0a4890 code [0x000002a4ab0a4b00, 0x000002a4ab0a5338]
Event: 486.474 Thread 0x000002a4bac72730 6350       1       org.springframework.util.LinkedCaseInsensitiveMap$EntrySetIterator::next (5 bytes)
Event: 486.474 Thread 0x000002a4bac72730 nmethod 6350 0x000002a4ab0a4410 code [0x000002a4ab0a45c0, 0x000002a4ab0a4768]
Event: 486.475 Thread 0x000002a4bac72730 6351       1       org.springframework.util.LinkedCaseInsensitiveMap$EntrySetIterator::next (5 bytes)
Event: 486.475 Thread 0x000002a4bac72730 nmethod 6351 0x000002a4ab0a4010 code [0x000002a4ab0a41c0, 0x000002a4ab0a4368]
Event: 486.475 Thread 0x000002a4bac72730 6352       1       org.springframework.util.LinkedCaseInsensitiveMap$EntryIterator::nextEntry (20 bytes)
Event: 486.475 Thread 0x000002a4bac72730 nmethod 6352 0x000002a4ab0a3c10 code [0x000002a4ab0a3dc0, 0x000002a4ab0a3f68]
Event: 486.475 Thread 0x000002a4bac72730 6349       1       org.apache.http.impl.io.SessionOutputBufferImpl::write (14 bytes)
Event: 486.476 Thread 0x000002a4bac72730 nmethod 6349 0x000002a4ab0a3810 code [0x000002a4ab0a39c0, 0x000002a4ab0a3b08]
Event: 486.476 Thread 0x000002a4bac72730 6353       1       org.springframework.util.LinkedCaseInsensitiveMap::put (66 bytes)
Event: 486.477 Thread 0x000002a4bac72730 nmethod 6353 0x000002a4ab0a2f90 code [0x000002a4ab0a3180, 0x000002a4ab0a3528]
Event: 503.875 Thread 0x000002a4bac72730 6354       1       org.apache.catalina.core.StandardPipeline::getFirst (17 bytes)
Event: 503.875 Thread 0x000002a4bac72730 nmethod 6354 0x000002a4ab0a2c90 code [0x000002a4ab0a2e20, 0x000002a4ab0a2f18]
Event: 513.887 Thread 0x000002a4bac72730 6355   !   1       org.apache.catalina.core.ContainerBase::getRealmInternal (38 bytes)
Event: 513.888 Thread 0x000002a4bac72730 nmethod 6355 0x000002a4ab0a2490 code [0x000002a4ab0a2680, 0x000002a4ab0a29b8]
Event: 513.888 Thread 0x000002a4bac72730 6356   !   1       org.apache.catalina.core.ContainerBase::getClusterInternal (38 bytes)
Event: 513.889 Thread 0x000002a4bac72730 nmethod 6356 0x000002a4ab0a1c90 code [0x000002a4ab0a1e80, 0x000002a4ab0a21b8]

GC Heap History (20 events):
Event: 3.074 GC heap before
{Heap before GC invocations=10 (full 0):
 garbage-first heap   total 69632K, used 51246K [0x0000000701c00000, 0x0000000800000000)
  region size 2048K, 20 young (40960K), 3 survivors (6144K)
 Metaspace       used 38664K, committed 39040K, reserved 1089536K
  class space    used 4870K, committed 5056K, reserved 1048576K
}
Event: 3.084 GC heap after
{Heap after GC invocations=11 (full 0):
 garbage-first heap   total 69632K, used 18092K [0x0000000701c00000, 0x0000000800000000)
  region size 2048K, 1 young (2048K), 1 survivors (2048K)
 Metaspace       used 38664K, committed 39040K, reserved 1089536K
  class space    used 4870K, committed 5056K, reserved 1048576K
}
Event: 3.105 GC heap before
{Heap before GC invocations=11 (full 0):
 garbage-first heap   total 69632K, used 18092K [0x0000000701c00000, 0x0000000800000000)
  region size 2048K, 2 young (4096K), 1 survivors (2048K)
 Metaspace       used 38881K, committed 39232K, reserved 1089536K
  class space    used 4891K, committed 5056K, reserved 1048576K
}
Event: 3.109 GC heap after
{Heap after GC invocations=12 (full 0):
 garbage-first heap   total 69632K, used 18909K [0x0000000701c00000, 0x0000000800000000)
  region size 2048K, 1 young (2048K), 1 survivors (2048K)
 Metaspace       used 38881K, committed 39232K, reserved 1089536K
  class space    used 4891K, committed 5056K, reserved 1048576K
}
Event: 3.138 GC heap before
{Heap before GC invocations=12 (full 0):
 garbage-first heap   total 69632K, used 49629K [0x0000000701c00000, 0x0000000800000000)
  region size 2048K, 17 young (34816K), 1 survivors (2048K)
 Metaspace       used 39124K, committed 39488K, reserved 1089536K
  class space    used 4912K, committed 5056K, reserved 1048576K
}
Event: 3.139 GC heap after
{Heap after GC invocations=13 (full 0):
 garbage-first heap   total 110592K, used 18747K [0x0000000701c00000, 0x0000000800000000)
  region size 2048K, 1 young (2048K), 1 survivors (2048K)
 Metaspace       used 39124K, committed 39488K, reserved 1089536K
  class space    used 4912K, committed 5056K, reserved 1048576K
}
Event: 3.556 GC heap before
{Heap before GC invocations=13 (full 0):
 garbage-first heap   total 110592K, used 80187K [0x0000000701c00000, 0x0000000800000000)
  region size 2048K, 32 young (65536K), 1 survivors (2048K)
 Metaspace       used 42480K, committed 42880K, reserved 1089536K
  class space    used 5310K, committed 5504K, reserved 1048576K
}
Event: 3.559 GC heap after
{Heap after GC invocations=14 (full 0):
 garbage-first heap   total 110592K, used 20070K [0x0000000701c00000, 0x0000000800000000)
  region size 2048K, 1 young (2048K), 1 survivors (2048K)
 Metaspace       used 42480K, committed 42880K, reserved 1089536K
  class space    used 5310K, committed 5504K, reserved 1048576K
}
Event: 3.977 GC heap before
{Heap before GC invocations=14 (full 0):
 garbage-first heap   total 110592K, used 83558K [0x0000000701c00000, 0x0000000800000000)
  region size 2048K, 32 young (65536K), 1 survivors (2048K)
 Metaspace       used 48579K, committed 48960K, reserved 1097728K
  class space    used 6297K, committed 6464K, reserved 1048576K
}
Event: 3.980 GC heap after
{Heap after GC invocations=15 (full 0):
 garbage-first heap   total 110592K, used 22365K [0x0000000701c00000, 0x0000000800000000)
  region size 2048K, 2 young (4096K), 2 survivors (4096K)
 Metaspace       used 48579K, committed 48960K, reserved 1097728K
  class space    used 6297K, committed 6464K, reserved 1048576K
}
Event: 4.357 GC heap before
{Heap before GC invocations=15 (full 0):
 garbage-first heap   total 110592K, used 83805K [0x0000000701c00000, 0x0000000800000000)
  region size 2048K, 32 young (65536K), 2 survivors (4096K)
 Metaspace       used 54592K, committed 54976K, reserved 1097728K
  class space    used 7201K, committed 7360K, reserved 1048576K
}
Event: 4.362 GC heap after
{Heap after GC invocations=16 (full 0):
 garbage-first heap   total 110592K, used 23487K [0x0000000701c00000, 0x0000000800000000)
  region size 2048K, 3 young (6144K), 3 survivors (6144K)
 Metaspace       used 54592K, committed 54976K, reserved 1097728K
  class space    used 7201K, committed 7360K, reserved 1048576K
}
Event: 4.764 GC heap before
{Heap before GC invocations=16 (full 0):
 garbage-first heap   total 110592K, used 78783K [0x0000000701c00000, 0x0000000800000000)
  region size 2048K, 31 young (63488K), 3 survivors (6144K)
 Metaspace       used 59713K, committed 60096K, reserved 1105920K
  class space    used 7936K, committed 8128K, reserved 1048576K
}
Event: 4.770 GC heap after
{Heap after GC invocations=17 (full 0):
 garbage-first heap   total 110592K, used 25528K [0x0000000701c00000, 0x0000000800000000)
  region size 2048K, 3 young (6144K), 3 survivors (6144K)
 Metaspace       used 59713K, committed 60096K, reserved 1105920K
  class space    used 7936K, committed 8128K, reserved 1048576K
}
Event: 5.198 GC heap before
{Heap before GC invocations=18 (full 0):
 garbage-first heap   total 102400K, used 80824K [0x0000000701c00000, 0x0000000800000000)
  region size 2048K, 30 young (61440K), 3 survivors (6144K)
 Metaspace       used 63193K, committed 63616K, reserved 1105920K
  class space    used 8506K, committed 8704K, reserved 1048576K
}
Event: 5.203 GC heap after
{Heap after GC invocations=19 (full 0):
 garbage-first heap   total 102400K, used 27900K [0x0000000701c00000, 0x0000000800000000)
  region size 2048K, 3 young (6144K), 3 survivors (6144K)
 Metaspace       used 63193K, committed 63616K, reserved 1105920K
  class space    used 8506K, committed 8704K, reserved 1048576K
}
Event: 5.986 GC heap before
{Heap before GC invocations=19 (full 0):
 garbage-first heap   total 102400K, used 81148K [0x0000000701c00000, 0x0000000800000000)
  region size 2048K, 29 young (59392K), 3 survivors (6144K)
 Metaspace       used 67111K, committed 67584K, reserved 1114112K
  class space    used 9080K, committed 9344K, reserved 1048576K
}
Event: 5.993 GC heap after
{Heap after GC invocations=20 (full 0):
 garbage-first heap   total 122880K, used 32330K [0x0000000701c00000, 0x0000000800000000)
  region size 2048K, 4 young (8192K), 4 survivors (8192K)
 Metaspace       used 67111K, committed 67584K, reserved 1114112K
  class space    used 9080K, committed 9344K, reserved 1048576K
}
Event: 31.169 GC heap before
{Heap before GC invocations=20 (full 0):
 garbage-first heap   total 122880K, used 93770K [0x0000000701c00000, 0x0000000800000000)
  region size 2048K, 35 young (71680K), 4 survivors (8192K)
 Metaspace       used 72180K, committed 72576K, reserved 1114112K
  class space    used 9769K, committed 9984K, reserved 1048576K
}
Event: 31.176 GC heap after
{Heap after GC invocations=21 (full 0):
 garbage-first heap   total 122880K, used 38250K [0x0000000701c00000, 0x0000000800000000)
  region size 2048K, 5 young (10240K), 5 survivors (10240K)
 Metaspace       used 72180K, committed 72576K, reserved 1114112K
  class space    used 9769K, committed 9984K, reserved 1048576K
}

Deoptimization events (20 events):
Event: 486.467 Thread 0x000002a4bf59abe0 DEOPT PACKING pc=0x000002a4ab0dd214 sp=0x000000d39aefdc10
Event: 486.467 Thread 0x000002a4bf59abe0 DEOPT UNPACKING pc=0x000002a4aad42b43 sp=0x000000d39aefd0e8 mode 1
Event: 486.467 Thread 0x000002a4bf59abe0 DEOPT PACKING pc=0x000002a4ab0b3134 sp=0x000000d39aefdce0
Event: 486.467 Thread 0x000002a4bf59abe0 DEOPT UNPACKING pc=0x000002a4aad42b43 sp=0x000000d39aefd220 mode 1
Event: 486.467 Thread 0x000002a4bf59abe0 DEOPT PACKING pc=0x000002a4ab0b2014 sp=0x000000d39aefde00
Event: 486.467 Thread 0x000002a4bf59abe0 DEOPT UNPACKING pc=0x000002a4aad42b43 sp=0x000000d39aefd348 mode 1
Event: 486.468 Thread 0x000002a4bf595070 DEOPT PACKING pc=0x000002a4ab0dd214 sp=0x000000d39adfddf0
Event: 486.468 Thread 0x000002a4bf595070 DEOPT UNPACKING pc=0x000002a4aad42b43 sp=0x000000d39adfd2c8 mode 1
Event: 486.468 Thread 0x000002a4bf59abe0 DEOPT PACKING pc=0x000002a4ab0b2a84 sp=0x000000d39aefdf20
Event: 486.468 Thread 0x000002a4bf59abe0 DEOPT UNPACKING pc=0x000002a4aad42b43 sp=0x000000d39aefd3c8 mode 1
Event: 486.468 Thread 0x000002a4bf595070 DEOPT PACKING pc=0x000002a4ab0b3134 sp=0x000000d39adfdec0
Event: 486.468 Thread 0x000002a4bf59abe0 DEOPT PACKING pc=0x000002a4ab0b440c sp=0x000000d39aefdf80
Event: 486.468 Thread 0x000002a4bf59abe0 DEOPT UNPACKING pc=0x000002a4aad42b43 sp=0x000000d39aefd448 mode 1
Event: 486.468 Thread 0x000002a4bf595070 DEOPT UNPACKING pc=0x000002a4aad42b43 sp=0x000000d39adfd400 mode 1
Event: 486.468 Thread 0x000002a4bf595070 DEOPT PACKING pc=0x000002a4ab0b2014 sp=0x000000d39adfdfe0
Event: 486.468 Thread 0x000002a4bf595070 DEOPT UNPACKING pc=0x000002a4aad42b43 sp=0x000000d39adfd528 mode 1
Event: 486.468 Thread 0x000002a4bf595070 DEOPT PACKING pc=0x000002a4ab0b2a84 sp=0x000000d39adfe100
Event: 486.468 Thread 0x000002a4bf595070 DEOPT UNPACKING pc=0x000002a4aad42b43 sp=0x000000d39adfd5a8 mode 1
Event: 486.468 Thread 0x000002a4bf595070 DEOPT PACKING pc=0x000002a4ab0b440c sp=0x000000d39adfe160
Event: 486.468 Thread 0x000002a4bf595070 DEOPT UNPACKING pc=0x000002a4aad42b43 sp=0x000000d39adfd628 mode 1

Classes unloaded (0 events):
No events

Classes redefined (6 events):
Event: 412.715 Thread 0x000002a4bac2d480 redefined class name=com.ems.service.client.HttpRestClient, count=1
Event: 447.281 Thread 0x000002a4bac2d480 redefined class name=com.ems.service.client.HttpRestClient, count=2
Event: 460.630 Thread 0x000002a4bac2d480 redefined class name=com.ems.service.client.HttpRestClient, count=3
Event: 475.281 Thread 0x000002a4bac2d480 redefined class name=com.ems.service.client.HttpRestClient, count=4
Event: 484.090 Thread 0x000002a4bac2d480 redefined class name=com.ems.service.client.HttpRestClient, count=5
Event: 514.956 Thread 0x000002a4bac2d480 redefined class name=com.ems.service.client.HttpRestClient, count=6

Internal exceptions (20 events):
Event: 5.783 Thread 0x000002a4a765ad70 Exception <a 'java/lang/ClassNotFoundException'{0x00000007060485a8}: org/springframework/beans/factory/config/BeanFactoryPostProcessorCustomizer> (0x00000007060485a8) 
thrown [e:\jenkins\tmp\workspace\build\src\src\hotspot\share\classfile\systemDictionary.cpp, line 256]
Event: 5.783 Thread 0x000002a4a765ad70 Exception <a 'java/lang/ClassNotFoundException'{0x000000070604d908}: org/springframework/beans/factory/DisposableBeanCustomizer> (0x000000070604d908) 
thrown [e:\jenkins\tmp\workspace\build\src\src\hotspot\share\classfile\systemDictionary.cpp, line 256]
Event: 5.785 Thread 0x000002a4a765ad70 Exception <a 'java/lang/ClassNotFoundException'{0x000000070605e088}: java/lang/ObjectCustomizer> (0x000000070605e088) 
thrown [e:\jenkins\tmp\workspace\build\src\src\hotspot\share\classfile\systemDictionary.cpp, line 256]
Event: 5.785 Thread 0x000002a4a765ad70 Exception <a 'java/lang/ClassNotFoundException'{0x00000007060663c8}: org/springframework/cloud/context/properties/ConfigurationPropertiesRebinderCustomizer> (0x00000007060663c8) 
thrown [e:\jenkins\tmp\workspace\build\src\src\hotspot\share\classfile\systemDictionary.cpp, line 256]
Event: 5.786 Thread 0x000002a4a765ad70 Exception <a 'java/lang/ClassNotFoundException'{0x0000000706077a08}: org/springframework/context/ApplicationContextAwareCustomizer> (0x0000000706077a08) 
thrown [e:\jenkins\tmp\workspace\build\src\src\hotspot\share\classfile\systemDictionary.cpp, line 256]
Event: 5.786 Thread 0x000002a4a765ad70 Exception <a 'java/lang/ClassNotFoundException'{0x000000070607d468}: org/springframework/beans/factory/AwareCustomizer> (0x000000070607d468) 
thrown [e:\jenkins\tmp\workspace\build\src\src\hotspot\share\classfile\systemDictionary.cpp, line 256]
Event: 5.787 Thread 0x000002a4a765ad70 Exception <a 'java/lang/ClassNotFoundException'{0x0000000706081be0}: org/springframework/context/ApplicationListenerCustomizer> (0x0000000706081be0) 
thrown [e:\jenkins\tmp\workspace\build\src\src\hotspot\share\classfile\systemDictionary.cpp, line 256]
Event: 5.787 Thread 0x000002a4a765ad70 Exception <a 'java/lang/ClassNotFoundException'{0x0000000706084130}: java/util/EventListenerCustomizer> (0x0000000706084130) 
thrown [e:\jenkins\tmp\workspace\build\src\src\hotspot\share\classfile\systemDictionary.cpp, line 256]
Event: 5.787 Thread 0x000002a4a765ad70 Exception <a 'java/lang/ClassNotFoundException'{0x000000070608ed58}: java/lang/ObjectCustomizer> (0x000000070608ed58) 
thrown [e:\jenkins\tmp\workspace\build\src\src\hotspot\share\classfile\systemDictionary.cpp, line 256]
Event: 5.788 Thread 0x000002a4a765ad70 Exception <a 'java/lang/ClassNotFoundException'{0x0000000706096bc8}: org/springframework/jmx/export/metadata/AbstractJmxAttributeCustomizer> (0x0000000706096bc8) 
thrown [e:\jenkins\tmp\workspace\build\src\src\hotspot\share\classfile\systemDictionary.cpp, line 256]
Event: 5.788 Thread 0x000002a4a765ad70 Exception <a 'java/lang/ClassNotFoundException'{0x000000070609e748}: org/springframework/jmx/export/metadata/ManagedAttributeCustomizer> (0x000000070609e748) 
thrown [e:\jenkins\tmp\workspace\build\src\src\hotspot\share\classfile\systemDictionary.cpp, line 256]
Event: 5.794 Thread 0x000002a4a765ad70 Exception <a 'java/lang/NoSuchMethodError'{0x00000007060ed368}: 'java.lang.Object java.lang.invoke.DirectMethodHandle$Holder.invokeSpecial(java.lang.Object, java.lang.Object, int, java.lang.Object, int, java.lang.Object)'> (0x00000007060ed368) 
thrown [e:\jenkins\tmp\workspace\build\src\src\hotspot\share\interpreter\linkResolver.cpp, line 766]
Event: 5.794 Thread 0x000002a4a765ad70 Exception <a 'java/lang/NoSuchMethodError'{0x00000007060f5168}: 'java.lang.Object java.lang.invoke.DirectMethodHandle$Holder.newInvokeSpecial(java.lang.Object, java.lang.Object, int, java.lang.Object, int)'> (0x00000007060f5168) 
thrown [e:\jenkins\tmp\workspace\build\src\src\hotspot\share\interpreter\linkResolver.cpp, line 766]
Event: 5.794 Thread 0x000002a4a765ad70 Exception <a 'java/lang/NoSuchMethodError'{0x00000007060f9268}: 'java.lang.Object java.lang.invoke.DirectMethodHandle$Holder.invokeSpecial(java.lang.Object, java.lang.Object, java.lang.Object, int, java.lang.Object, int)'> (0x00000007060f9268) 
thrown [e:\jenkins\tmp\workspace\build\src\src\hotspot\share\interpreter\linkResolver.cpp, line 766]
Event: 5.795 Thread 0x000002a4a765ad70 Exception <a 'java/lang/NoSuchMethodError'{0x0000000706108860}: 'void java.lang.invoke.DirectMethodHandle$Holder.invokeVirtual(java.lang.Object, java.lang.Object)'> (0x0000000706108860) 
thrown [e:\jenkins\tmp\workspace\build\src\src\hotspot\share\interpreter\linkResolver.cpp, line 766]
Event: 5.890 Thread 0x000002a4a765ad70 Implicit null exception at 0x000002a4ab8e6cea to 0x000002a4ab8e74cb
Event: 5.923 Thread 0x000002a4a765ad70 Exception <a 'sun/nio/fs/WindowsException'{0x0000000705354330}> (0x0000000705354330) 
thrown [e:\jenkins\tmp\workspace\build\src\src\hotspot\share\prims\jni.cpp, line 516]
Event: 31.458 Thread 0x000002a4bf595a10 Exception <a 'java/lang/NoSuchMethodError'{0x0000000707dea9c0}: 'int java.lang.invoke.DirectMethodHandle$Holder.invokeStatic(java.lang.Object, java.lang.Object, java.lang.Object, java.lang.Object, java.lang.Object)'> (0x0000000707dea9c0) 
thrown [e:\jenkins\tmp\workspace\build\src\src\hotspot\share\interpreter\linkResolver.cpp, line 766]
Event: 31.524 Thread 0x000002a4bf595a10 Exception <a 'java/lang/ClassCastException'{0x00000007076848d0}: class java.util.LinkedHashMap cannot be cast to class com.ems.dataobject.User (java.util.LinkedHashMap is in module java.base of loader 'bootstrap'; com.ems.dataobject.User is in unnamed module of loader 'app')> (0x00000007076848d0) 
thrown [e:\jenkins\tmp\workspace\build\src\src\hotspot\share\interpreter\interpreterRuntime.cpp, line 444]
Event: 31.527 Thread 0x000002a4bf595a10 Exception <a 'java/lang/NoClassDefFoundError'{0x00000007076d18f0}: sun/reflect/Reflection> (0x00000007076d18f0) 
thrown [e:\jenkins\tmp\workspace\build\src\src\hotspot\share\classfile\systemDictionary.cpp, line 245]

VM Operations (20 events):
Event: 467.663 Executing VM operation: get/set locals
Event: 467.663 Executing VM operation: get/set locals done
Event: 467.664 Executing VM operation: get/set locals
Event: 467.664 Executing VM operation: get/set locals done
Event: 467.665 Executing VM operation: get/set locals
Event: 467.665 Executing VM operation: get/set locals done
Event: 467.666 Executing VM operation: get/set locals
Event: 467.666 Executing VM operation: get/set locals done
Event: 467.667 Executing VM operation: get/set locals
Event: 467.667 Executing VM operation: get/set locals done
Event: 467.667 Executing VM operation: get/set locals
Event: 467.668 Executing VM operation: get/set locals done
Event: 475.269 Executing VM operation: RedefineClasses
Event: 475.305 Executing VM operation: RedefineClasses done
Event: 484.083 Executing VM operation: RedefineClasses
Event: 484.108 Executing VM operation: RedefineClasses done
Event: 484.140 Executing VM operation: ChangeBreakpoints
Event: 484.141 Executing VM operation: ChangeBreakpoints done
Event: 514.948 Executing VM operation: RedefineClasses
Event: 514.974 Executing VM operation: RedefineClasses done

Events (20 events):
Event: 36.246 Thread 0x000002a4bf59abe0 Thread added: 0x000002a4bf59abe0
Event: 36.258 Thread 0x000002a4bf430420 Thread added: 0x000002a4bf430420
Event: 44.443 Thread 0x000002a4bf59b0b0 Thread added: 0x000002a4bf59b0b0
Event: 44.444 Thread 0x000002a4bf430420 Thread exited: 0x000002a4bf430420
Event: 66.492 loading class java/util/concurrent/ConcurrentSkipListMap$SubMap
Event: 66.492 loading class java/util/concurrent/ConcurrentSkipListMap$SubMap done
Event: 66.492 loading class java/util/concurrent/ConcurrentSkipListMap$Values
Event: 66.493 loading class java/util/concurrent/ConcurrentSkipListMap$Values done
Event: 66.493 loading class java/util/concurrent/ConcurrentSkipListMap$SubMap$SubMapValueIterator
Event: 66.493 loading class java/util/concurrent/ConcurrentSkipListMap$SubMap$SubMapIter
Event: 66.493 loading class java/util/concurrent/ConcurrentSkipListMap$SubMap$SubMapIter done
Event: 66.493 loading class java/util/concurrent/ConcurrentSkipListMap$SubMap$SubMapValueIterator done
Event: 91.023 Thread 0x000002a4bc77e400 Thread exited: 0x000002a4bc77e400
Event: 91.023 Thread 0x000002a4bc74b010 Thread exited: 0x000002a4bc74b010
Event: 91.023 Thread 0x000002a4bf595ee0 Thread exited: 0x000002a4bf595ee0
Event: 91.458 Thread 0x000002a4bf5976f0 Thread exited: 0x000002a4bf5976f0
Event: 96.449 Thread 0x000002a4bf595ee0 Thread added: 0x000002a4bf595ee0
Event: 156.640 Thread 0x000002a4bf598090 Thread exited: 0x000002a4bf598090
Event: 211.460 Thread 0x000002a4bf595ee0 Thread exited: 0x000002a4bf595ee0
Event: 305.887 Thread 0x000002a4bf595ee0 Thread added: 0x000002a4bf595ee0


Dynamic libraries:
0x00007ff7b9750000 - 0x00007ff7b975e000 	D:\STS\sts-4.12.1.RELEASE\plugins\org.eclipse.justj.openjdk.hotspot.jre.full.win32.x86_64_17.0.0.v20211012-1059\jre\bin\javaw.exe
0x00007ff8a9f50000 - 0x00007ff8aa145000 	C:\WINDOWS\SYSTEM32\ntdll.dll
0x00007ff8a8c70000 - 0x00007ff8a8d2e000 	C:\WINDOWS\System32\KERNEL32.dll
0x00007ff8a70c0000 - 0x00007ff8a71e7000 	C:\Windows\system32\hmpalert.dll
0x00007ff8a7c30000 - 0x00007ff8a7ef8000 	C:\WINDOWS\System32\KERNELBASE.dll
0x00007ff8a7990000 - 0x00007ff8a7a90000 	C:\WINDOWS\System32\ucrtbase.dll
0x00007ff898390000 - 0x00007ff8983a8000 	D:\STS\sts-4.12.1.RELEASE\plugins\org.eclipse.justj.openjdk.hotspot.jre.full.win32.x86_64_17.0.0.v20211012-1059\jre\bin\jli.dll
0x00007ff88a410000 - 0x00007ff88a429000 	D:\STS\sts-4.12.1.RELEASE\plugins\org.eclipse.justj.openjdk.hotspot.jre.full.win32.x86_64_17.0.0.v20211012-1059\jre\bin\VCRUNTIME140.dll
0x00007ff8a8d30000 - 0x00007ff8a8ed1000 	C:\WINDOWS\System32\USER32.dll
0x00007ff8a7a90000 - 0x00007ff8a7ab2000 	C:\WINDOWS\System32\win32u.dll
0x00007ff8a8f40000 - 0x00007ff8a8f6b000 	C:\WINDOWS\System32\GDI32.dll
0x00007ff8a7ac0000 - 0x00007ff8a7bcd000 	C:\WINDOWS\System32\gdi32full.dll
0x00007ff8a7790000 - 0x00007ff8a782d000 	C:\WINDOWS\System32\msvcp_win.dll
0x00007ff8a6a20000 - 0x00007ff8a6cba000 	C:\WINDOWS\WinSxS\amd64_microsoft.windows.common-controls_6595b64144ccf1df_6.0.19041.1110_none_60b5254171f9507e\COMCTL32.dll
0x00007ff8a9e70000 - 0x00007ff8a9f0e000 	C:\WINDOWS\System32\msvcrt.dll
0x00007ff8a8090000 - 0x00007ff8a80c0000 	C:\WINDOWS\System32\IMM32.DLL
0x00007ff8985c0000 - 0x00007ff8985cc000 	D:\STS\sts-4.12.1.RELEASE\plugins\org.eclipse.justj.openjdk.hotspot.jre.full.win32.x86_64_17.0.0.v20211012-1059\jre\bin\vcruntime140_1.dll
0x00007ff869910000 - 0x00007ff8699a1000 	D:\STS\sts-4.12.1.RELEASE\plugins\org.eclipse.justj.openjdk.hotspot.jre.full.win32.x86_64_17.0.0.v20211012-1059\jre\bin\msvcp140.dll
0x00007ff85c480000 - 0x00007ff85d0c6000 	D:\STS\sts-4.12.1.RELEASE\plugins\org.eclipse.justj.openjdk.hotspot.jre.full.win32.x86_64_17.0.0.v20211012-1059\jre\bin\server\jvm.dll
0x00007ff8a8a80000 - 0x00007ff8a8b2e000 	C:\WINDOWS\System32\ADVAPI32.dll
0x00007ff8a7ff0000 - 0x00007ff8a808c000 	C:\WINDOWS\System32\sechost.dll
0x00007ff8a8b40000 - 0x00007ff8a8c65000 	C:\WINDOWS\System32\RPCRT4.dll
0x00007ff8a9b00000 - 0x00007ff8a9b08000 	C:\WINDOWS\System32\PSAPI.DLL
0x00007ff897720000 - 0x00007ff897747000 	C:\WINDOWS\SYSTEM32\WINMM.dll
0x00007ff8a0f10000 - 0x00007ff8a0f1a000 	C:\WINDOWS\SYSTEM32\VERSION.dll
0x00007ff891370000 - 0x00007ff891379000 	C:\WINDOWS\SYSTEM32\WSOCK32.dll
0x00007ff8a9580000 - 0x00007ff8a95eb000 	C:\WINDOWS\System32\WS2_32.dll
0x00007ff8a58a0000 - 0x00007ff8a58b2000 	C:\WINDOWS\SYSTEM32\kernel.appcore.dll
0x00007ff89be20000 - 0x00007ff89be2a000 	D:\STS\sts-4.12.1.RELEASE\plugins\org.eclipse.justj.openjdk.hotspot.jre.full.win32.x86_64_17.0.0.v20211012-1059\jre\bin\jimage.dll
0x00007ff8a6ed0000 - 0x00007ff8a70b4000 	C:\WINDOWS\SYSTEM32\DBGHELP.DLL
0x00007ff8a6ea0000 - 0x00007ff8a6ecc000 	C:\WINDOWS\SYSTEM32\dbgcore.DLL
0x00007ff8a7f00000 - 0x00007ff8a7f82000 	C:\WINDOWS\System32\bcryptPrimitives.dll
0x00007ff8a12b0000 - 0x00007ff8a12eb000 	D:\STS\sts-4.12.1.RELEASE\plugins\org.eclipse.justj.openjdk.hotspot.jre.full.win32.x86_64_17.0.0.v20211012-1059\jre\bin\jdwp.dll
0x00007ff8a37f0000 - 0x00007ff8a37fe000 	D:\STS\sts-4.12.1.RELEASE\plugins\org.eclipse.justj.openjdk.hotspot.jre.full.win32.x86_64_17.0.0.v20211012-1059\jre\bin\instrument.dll
0x00007ff87fd10000 - 0x00007ff87fd35000 	D:\STS\sts-4.12.1.RELEASE\plugins\org.eclipse.justj.openjdk.hotspot.jre.full.win32.x86_64_17.0.0.v20211012-1059\jre\bin\java.dll
0x00007ff880140000 - 0x00007ff880158000 	D:\STS\sts-4.12.1.RELEASE\plugins\org.eclipse.justj.openjdk.hotspot.jre.full.win32.x86_64_17.0.0.v20211012-1059\jre\bin\zip.dll
0x00007ff8a80c0000 - 0x00007ff8a8804000 	C:\WINDOWS\System32\SHELL32.dll
0x00007ff8a4de0000 - 0x00007ff8a5575000 	C:\WINDOWS\SYSTEM32\windows.storage.dll
0x00007ff8a9b10000 - 0x00007ff8a9e65000 	C:\WINDOWS\System32\combase.dll
0x00007ff8a6890000 - 0x00007ff8a68be000 	C:\WINDOWS\SYSTEM32\Wldp.dll
0x00007ff8a8920000 - 0x00007ff8a89cd000 	C:\WINDOWS\System32\SHCORE.dll
0x00007ff8a7f90000 - 0x00007ff8a7fe5000 	C:\WINDOWS\System32\shlwapi.dll
0x00007ff8a75a0000 - 0x00007ff8a75bf000 	C:\WINDOWS\SYSTEM32\profapi.dll
0x00007ff8a37d0000 - 0x00007ff8a37dc000 	D:\STS\sts-4.12.1.RELEASE\plugins\org.eclipse.justj.openjdk.hotspot.jre.full.win32.x86_64_17.0.0.v20211012-1059\jre\bin\dt_socket.dll
0x00007ff8a62e0000 - 0x00007ff8a631b000 	C:\WINDOWS\SYSTEM32\IPHLPAPI.DLL
0x00007ff8a65e0000 - 0x00007ff8a664a000 	C:\WINDOWS\system32\mswsock.dll
0x00007ff8a6330000 - 0x00007ff8a63fb000 	C:\WINDOWS\SYSTEM32\DNSAPI.dll
0x00007ff8a8810000 - 0x00007ff8a8818000 	C:\WINDOWS\System32\NSI.dll
0x000000006d370000 - 0x000000006d396000 	C:\Program Files\Bonjour\mdnsNSP.dll
0x00007ff898060000 - 0x00007ff89806a000 	C:\Windows\System32\rasadhlp.dll
0x00007ff8a1ec0000 - 0x00007ff8a1f3f000 	C:\WINDOWS\System32\fwpuclnt.dll
0x00007ff8a7760000 - 0x00007ff8a7787000 	C:\WINDOWS\System32\bcrypt.dll
0x00007ff87f970000 - 0x00007ff87f989000 	D:\STS\sts-4.12.1.RELEASE\plugins\org.eclipse.justj.openjdk.hotspot.jre.full.win32.x86_64_17.0.0.v20211012-1059\jre\bin\net.dll
0x00007ff89afb0000 - 0x00007ff89b0bc000 	C:\WINDOWS\SYSTEM32\WINHTTP.dll
0x00007ff87ec90000 - 0x00007ff87eca5000 	D:\STS\sts-4.12.1.RELEASE\plugins\org.eclipse.justj.openjdk.hotspot.jre.full.win32.x86_64_17.0.0.v20211012-1059\jre\bin\nio.dll
0x00007ff898d80000 - 0x00007ff898d89000 	D:\STS\sts-4.12.1.RELEASE\plugins\org.eclipse.justj.openjdk.hotspot.jre.full.win32.x86_64_17.0.0.v20211012-1059\jre\bin\management.dll
0x00007ff898d70000 - 0x00007ff898d7b000 	D:\STS\sts-4.12.1.RELEASE\plugins\org.eclipse.justj.openjdk.hotspot.jre.full.win32.x86_64_17.0.0.v20211012-1059\jre\bin\management_ext.dll
0x00007ff886b60000 - 0x00007ff886b77000 	C:\WINDOWS\system32\napinsp.dll
0x00007ff886b80000 - 0x00007ff886b9b000 	C:\WINDOWS\system32\pnrpnsp.dll
0x00007ff8a2be0000 - 0x00007ff8a2bf5000 	C:\WINDOWS\system32\wshbth.dll
0x00007ff8a3620000 - 0x00007ff8a363d000 	C:\WINDOWS\system32\NLAapi.dll
0x00007ff886ba0000 - 0x00007ff886bb2000 	C:\WINDOWS\System32\winrnr.dll
0x00007ff8a73e0000 - 0x00007ff8a73f8000 	C:\WINDOWS\SYSTEM32\CRYPTSP.dll
0x00007ff8a5f90000 - 0x00007ff8a5fc4000 	C:\WINDOWS\system32\rsaenh.dll
0x00007ff8a7560000 - 0x00007ff8a758e000 	C:\WINDOWS\SYSTEM32\USERENV.dll
0x00007ff8a6820000 - 0x00007ff8a682c000 	C:\WINDOWS\SYSTEM32\CRYPTBASE.dll
0x00007ff8a1330000 - 0x00007ff8a1347000 	C:\WINDOWS\SYSTEM32\dhcpcsvc6.DLL
0x00007ff8a1280000 - 0x00007ff8a129d000 	C:\WINDOWS\SYSTEM32\dhcpcsvc.DLL
0x00007ff89ddc0000 - 0x00007ff89ddd0000 	D:\STS\sts-4.12.1.RELEASE\plugins\org.eclipse.justj.openjdk.hotspot.jre.full.win32.x86_64_17.0.0.v20211012-1059\jre\bin\verify.dll
0x00007ff8a0790000 - 0x00007ff8a079e000 	D:\STS\sts-4.12.1.RELEASE\plugins\org.eclipse.justj.openjdk.hotspot.jre.full.win32.x86_64_17.0.0.v20211012-1059\jre\bin\sunmscapi.dll
0x00007ff8a7830000 - 0x00007ff8a7986000 	C:\WINDOWS\System32\CRYPT32.dll
0x00007ff8a6900000 - 0x00007ff8a6927000 	C:\WINDOWS\SYSTEM32\ncrypt.dll
0x00007ff8a68c0000 - 0x00007ff8a68fb000 	C:\WINDOWS\SYSTEM32\NTASN1.dll
0x00007ff89de00000 - 0x00007ff89de07000 	C:\WINDOWS\system32\wshunix.dll

dbghelp: loaded successfully - version: 4.0.5 - missing functions: none
symbol engine: initialized successfully - sym options: 0x614 - pdb path: .;D:\STS\sts-4.12.1.RELEASE\plugins\org.eclipse.justj.openjdk.hotspot.jre.full.win32.x86_64_17.0.0.v20211012-1059\jre\bin;C:\WINDOWS\SYSTEM32;C:\WINDOWS\WinSxS\amd64_microsoft.windows.common-controls_6595b64144ccf1df_6.0.19041.1110_none_60b5254171f9507e;D:\STS\sts-4.12.1.RELEASE\plugins\org.eclipse.justj.openjdk.hotspot.jre.full.win32.x86_64_17.0.0.v20211012-1059\jre\bin\server;C:\Program Files\Bonjour

VM Arguments:
jvm_args: -XX:+ShowCodeDetailsInExceptionMessages -agentlib:jdwp=transport=dt_socket,suspend=y,address=localhost:60186 -Dcom.sun.management.jmxremote -Dcom.sun.management.jmxremote.port=60184 -Dcom.sun.management.jmxremote.authenticate=false -Dcom.sun.management.jmxremote.ssl=false -Djava.rmi.server.hostname=localhost -Dspring.jmx.enabled=true -Dspring.application.admin.enabled=true -XX:TieredStopAtLevel=1 -Dspring.boot.project.name=EMS-Task-Service -javaagent:D:\STS\sts-4.12.1.RELEASE\configuration\org.eclipse.osgi\258\0\.cp\lib\javaagent-shaded.jar -Dfile.encoding=UTF-8 
java_command: com.ems.EmsTaskServiceApplication --spring.output.ansi.enabled=always
java_class_path (initial): D:\SpringBootWorkSpace\EMS-Task-Service\target\classes;C:\Users\bharath.n\.m2\repository\org\springframework\boot\spring-boot-starter-data-jpa\2.5.8\spring-boot-starter-data-jpa-2.5.8.jar;C:\Users\bharath.n\.m2\repository\org\springframework\boot\spring-boot-starter-aop\2.5.8\spring-boot-starter-aop-2.5.8.jar;C:\Users\bharath.n\.m2\repository\org\aspectj\aspectjweaver\1.9.7\aspectjweaver-1.9.7.jar;C:\Users\bharath.n\.m2\repository\org\springframework\boot\spring-boot-starter-jdbc\2.5.8\spring-boot-starter-jdbc-2.5.8.jar;C:\Users\bharath.n\.m2\repository\com\zaxxer\HikariCP\4.0.3\HikariCP-4.0.3.jar;C:\Users\bharath.n\.m2\repository\org\springframework\spring-jdbc\5.3.14\spring-jdbc-5.3.14.jar;C:\Users\bharath.n\.m2\repository\jakarta\transaction\jakarta.transaction-api\1.3.3\jakarta.transaction-api-1.3.3.jar;C:\Users\bharath.n\.m2\repository\jakarta\persistence\jakarta.persistence-api\2.2.3\jakarta.persistence-api-2.2.3.jar;C:\Users\bharath.n\.m2\repository\org\hibernate\hibernate-core\5.4.33\hibernate-core-5.4.33.jar;C:\Users\bharath.n\.m2\repository\org\jboss\logging\jboss-logging\3.4.2.Final\jboss-logging-3.4.2.Final.jar;C:\Users\bharath.n\.m2\repository\org\javassist\javassist\3.27.0-GA\javassist-3.27.0-GA.jar;C:\Users\bharath.n\.m2\repository\net\bytebuddy\byte-buddy\1.10.22\byte-buddy-1.10.22.jar;C:\Users\bharath.n\.m2\repository\antlr\antlr\2.7.7\antlr-2.7.7.jar;C:\Users\bharath.n\.m2\repository\org\jboss\jandex\2.2.3.Final\jandex-2.2.3.Final.jar;C:\Users\bharath.n\.m2\repository\com\fasterxml\classmate\1.5.1\classmate-1.5.1.jar;C:\Users\bharath.n\.m2\repository\org\dom4j\dom4j\2.1.3\dom4j-2.1.3.jar;C:\Users\bharath.n\.m2\repository\org\hibernate\common\hibernate-commons-annotations\5.1.2.Final\hibernate-commons-annotations-5.1.2.Final.jar;C:\Users\bharath.n\.m2\repository\org\glassfish\jaxb\jaxb-runtime\2.3.5\jaxb-runtime-2.3.5.jar;C:\Users\bharath.n\.m2\repository\org\glassfish\jaxb\txw2\2.3.5\txw2-2.3.5.jar;C:\Users\bharath.n\.m
Launcher Type: SUN_STANDARD

[Global flags]
     intx CICompilerCount                          = 4                                         {product} {ergonomic}
     uint ConcGCThreads                            = 2                                         {product} {ergonomic}
     uint G1ConcRefinementThreads                  = 8                                         {product} {ergonomic}
   size_t G1HeapRegionSize                         = 2097152                                   {product} {ergonomic}
    uintx GCDrainStackTargetSize                   = 64                                        {product} {ergonomic}
   size_t InitialHeapSize                          = 268435456                                 {product} {ergonomic}
     bool ManagementServer                         = true                                      {product} {command line}
   size_t MarkStackSize                            = 4194304                                   {product} {ergonomic}
   size_t MaxHeapSize                              = 4265607168                                {product} {ergonomic}
   size_t MaxNewSize                               = 2558525440                                {product} {ergonomic}
   size_t MinHeapDeltaBytes                        = 2097152                                   {product} {ergonomic}
   size_t MinHeapSize                              = 8388608                                   {product} {ergonomic}
    uintx NonProfiledCodeHeapSize                  = 0                                      {pd product} {ergonomic}
     bool ProfileInterpreter                       = false                                  {pd product} {command line}
    uintx ProfiledCodeHeapSize                     = 0                                      {pd product} {ergonomic}
     bool ShowCodeDetailsInExceptionMessages       = true                                   {manageable} {command line}
   size_t SoftMaxHeapSize                          = 4265607168                             {manageable} {ergonomic}
     intx TieredStopAtLevel                        = 1                                         {product} {command line}
     bool UseCompressedClassPointers               = true                           {product lp64_product} {ergonomic}
     bool UseCompressedOops                        = true                           {product lp64_product} {ergonomic}
     bool UseG1GC                                  = true                                      {product} {ergonomic}
     bool UseLargePagesIndividualAllocation        = false                                  {pd product} {ergonomic}

Logging:
Log output configuration:
 #0: stdout all=warning uptime,level,tags
 #1: stderr all=off uptime,level,tags

Environment Variables:
PATH=D:\STS\sts-4.12.1.RELEASE\plugins\org.eclipse.justj.openjdk.hotspot.jre.full.win32.x86_64_17.0.0.v20211012-1059\jre\bin;D:/STS/sts-4.12.1.RELEASE//plugins/org.eclipse.justj.openjdk.hotspot.jre.full.win32.x86_64_17.0.0.v20211012-1059/jre/bin/server;D:/STS/sts-4.12.1.RELEASE//plugins/org.eclipse.justj.openjdk.hotspot.jre.full.win32.x86_64_17.0.0.v20211012-1059/jre/bin;C:\Program Files (x86)\Common Files\Oracle\Java\javapath;C:\ProgramData\Oracle\Java\javapath;C:\Program Files (x86)\Intel\Intel(R) Management Engine Components\iCLS\;C:\Program Files\Intel\Intel(R) Management Engine Components\iCLS\;C:\Windows\system32;C:\Windows;C:\Windows\System32\Wbem;C:\Windows\System32\WindowsPowerShell\v1.0\;C:\Windows\System32\OpenSSH\;C:\Program Files (x86)\Intel\Intel(R) Management Engine Components\DAL;C:\Program Files\Intel\Intel(R) Management Engine Components\DAL;C:\Program Files (x86)\Intel\Intel(R) Management Engine Components\IPT;C:\Program Files\Intel\Intel(R) Management Engine Components\IPT;C:\Program Files (x86)\NVIDIA Corporation\PhysX\Common;C:\WINDOWS\system32;C:\WINDOWS;C:\WINDOWS\System32\Wbem;C:\WINDOWS\System32\WindowsPowerShell\v1.0\;C:\WINDOWS\System32\OpenSSH\;C:\Program Files\Intel\WiFi\bin\;C:\Program Files\Common Files\Intel\WirelessCommon\;C:\Program Files (x86)\PuTTY\;C:\Users\bharath.n\AppData\Local\Microsoft\WindowsApps;C:\Program Files (x86)\Sophos\Sophos SSL VPN Client\bin;C:\Users\bharath.n\AppData\Local\Google\Cloud SDK\google-cloud-sdk\bin;C:\Users\bharath.n\AppData\Local\Programs\Microsoft VS Code\bin;D:\STS\sts-4.12.1.RELEASE;
USERNAME=Bharath.N
OS=Windows_NT
PROCESSOR_IDENTIFIER=Intel64 Family 6 Model 158 Stepping 9, GenuineIntel



---------------  S Y S T E M  ---------------

OS:
 Windows 10 , 64 bit Build 19041 (10.0.19041.1466)
OS uptime: 9 days 19:13 hours

CPU: total 8 (initial active 8) (4 cores per cpu, 2 threads per core) family 6 model 158 stepping 9 microcode 0xb4, cx8, cmov, fxsr, ht, mmx, 3dnowpref, sse, sse2, sse3, ssse3, sse4.1, sse4.2, popcnt, lzcnt, tsc, tscinvbit, avx, avx2, aes, erms, clmul, bmi1, bmi2, rtm, adx, fma, vzeroupper, clflush, clflushopt

Memory: 4k page, system-wide physical 16265M (6672M free)
TotalPageFile size 22409M (AvailPageFile size 11681M)
current process WorkingSet (physical memory assigned to process): 285M, peak: 286M
current process commit charge ("private bytes"): 319M, peak: 370M

vm_info: OpenJDK 64-Bit Server VM (17+35) for windows-amd64 JRE (17+35), built on Sep 14 2021 17:27:39 by "" with MS VC++ 16.7 (VS2019)

END.
